<?xml version="1.0" encoding="UTF-8"?>
<!-- Generated by org.testng.reporters.JUnitReportReporter -->
<testsuite skipped="0" hostname="sks-PC" name="Com.Capge.Hos.Script.TestScript" tests="11" failures="0" timestamp="2020-09-04T15:17:34 IST" time="13.322" errors="0">
  <testcase name="ValidateFemale" time="0.210" classname="Com.Capge.Hos.Script.TestScript"/>
  <testcase name="ValidateDrop_Day" time="4.885" classname="Com.Capge.Hos.Script.TestScript"/>
  <testcase name="ValidateDrop_Year" time="0.240" classname="Com.Capge.Hos.Script.TestScript"/>
  <testcase name="ValidateFirstname" time="6.274" classname="Com.Capge.Hos.Script.TestScript"/>
  <testcase name="validateEmail" time="0.214" classname="Com.Capge.Hos.Script.TestScript"/>
  <testcase name="ValidateTitle" time="0.010" classname="Com.Capge.Hos.Script.TestScript"/>
  <testcase name="ValidateCreateNewAccount" time="0.169" classname="Com.Capge.Hos.Script.TestScript"/>
  <testcase name="validatePass" time="0.174" classname="Com.Capge.Hos.Script.TestScript"/>
  <testcase name="ValidateClick" time="0.832" classname="Com.Capge.Hos.Script.TestScript"/>
  <testcase name="ValidateDrop_Month" time="0.298" classname="Com.Capge.Hos.Script.TestScript"/>
  <testcase name="ValidateUrl" time="0.016" classname="Com.Capge.Hos.Script.TestScript"/>
</testsuite> <!-- Com.Capge.Hos.Script.TestScript -->
